-------------------------------------
8
None
1dee35fe304db59e2d0b3e0d19bb43454dc8a8bca95ac8da6570763f45ddf3d5
2017-12-11 16:45:01.990715
1
100
1
['1dee35fe304db59e2d0b3e0d19bb43454dc8a8bca95ac8da6570763f45ddf3d5']
None
-------------------------------------
8
None
1dee35fe304db59e2d0b3e0d19bb43454dc8a8bca95ac8da6570763f45ddf3d5
2017-12-11 17:00:37.590335
1
100
1
['1dee35fe304db59e2d0b3e0d19bb43454dc8a8bca95ac8da6570763f45ddf3d5']
None
-------------------------------------
8
None
1dee35fe304db59e2d0b3e0d19bb43454dc8a8bca95ac8da6570763f45ddf3d5
2017-12-11 17:07:49.321378
1
100
1
['1dee35fe304db59e2d0b3e0d19bb43454dc8a8bca95ac8da6570763f45ddf3d5']
None
-------------------------------------
8
None
1dee35fe304db59e2d0b3e0d19bb43454dc8a8bca95ac8da6570763f45ddf3d5
2017-12-11 17:23:55.016883
1
100
1
['1dee35fe304db59e2d0b3e0d19bb43454dc8a8bca95ac8da6570763f45ddf3d5']
None
-------------------------------------
8
None
1dee35fe304db59e2d0b3e0d19bb43454dc8a8bca95ac8da6570763f45ddf3d5
2017-12-11 17:28:40.107209
1
100
1
['1dee35fe304db59e2d0b3e0d19bb43454dc8a8bca95ac8da6570763f45ddf3d5']
None
-------------------------------------
8
None
1dee35fe304db59e2d0b3e0d19bb43454dc8a8bca95ac8da6570763f45ddf3d5
2017-12-11 17:30:26.387985
1
100
1
['1dee35fe304db59e2d0b3e0d19bb43454dc8a8bca95ac8da6570763f45ddf3d5']
None
-------------------------------------
8
None
1dee35fe304db59e2d0b3e0d19bb43454dc8a8bca95ac8da6570763f45ddf3d5
2017-12-11 17:33:00.228512
1
100
1
['1dee35fe304db59e2d0b3e0d19bb43454dc8a8bca95ac8da6570763f45ddf3d5']
None
-------------------------------------
8
None
1dee35fe304db59e2d0b3e0d19bb43454dc8a8bca95ac8da6570763f45ddf3d5
2017-12-11 17:34:47.629450
1
100
1
['1dee35fe304db59e2d0b3e0d19bb43454dc8a8bca95ac8da6570763f45ddf3d5']
None
-------------------------------------
8
None
1dee35fe304db59e2d0b3e0d19bb43454dc8a8bca95ac8da6570763f45ddf3d5
2017-12-11 17:36:00.256216
1
100
1
['1dee35fe304db59e2d0b3e0d19bb43454dc8a8bca95ac8da6570763f45ddf3d5']
None
-------------------------------------
8
None
1dee35fe304db59e2d0b3e0d19bb43454dc8a8bca95ac8da6570763f45ddf3d5
2017-12-11 17:37:44.263202
1
100
1
['1dee35fe304db59e2d0b3e0d19bb43454dc8a8bca95ac8da6570763f45ddf3d5']
None
-------------------------------------
8
None
1dee35fe304db59e2d0b3e0d19bb43454dc8a8bca95ac8da6570763f45ddf3d5
2017-12-11 17:38:08.377814
1
100
1
['1dee35fe304db59e2d0b3e0d19bb43454dc8a8bca95ac8da6570763f45ddf3d5']
None
-------------------------------------
8
None
1dee35fe304db59e2d0b3e0d19bb43454dc8a8bca95ac8da6570763f45ddf3d5
2017-12-11 17:38:40.765452
1
100
1
['1dee35fe304db59e2d0b3e0d19bb43454dc8a8bca95ac8da6570763f45ddf3d5']
None
-------------------------------------
8
None
1dee35fe304db59e2d0b3e0d19bb43454dc8a8bca95ac8da6570763f45ddf3d5
2017-12-11 17:51:36.013560
0
100
1
['1dee35fe304db59e2d0b3e0d19bb43454dc8a8bca95ac8da6570763f45ddf3d5']
b'\xbdR\x1e\xa1p\x87z~]\x0eZ\x12r\xa85\x8a\x0b]\xe1x\x92\xe6\xd0\xb5\xbb\x8f\x03\xe9sxZ$'
